<?xml version="1.0" encoding="UTF-8"?>
<!-- Generated by org.testng.reporters.JUnitReportReporter -->
<testsuite hostname="K501L" name="Test.TestNG" tests="1" failures="0" timestamp="23 May 2016 05:10:16 GMT" time="55.045" errors="0">
  <testcase name="tabTwo" time="55.045" classname="Test.TestNG"/>
</testsuite> <!-- Test.TestNG -->
