<?xml version="1.0" encoding="UTF-8"?>
<!-- Generated by org.testng.reporters.JUnitReportReporter -->
<testsuite hostname="K501L" name="Test.TestNG" tests="2" failures="0" timestamp="30 May 2016 12:01:54 GMT" time="31.488" errors="0">
  <testcase name="tabOne" time="4.632" classname="Test.TestNG"/>
  <testcase name="tabTwo" time="26.856" classname="Test.TestNG"/>
</testsuite> <!-- Test.TestNG -->
