<?xml version="1.0" encoding="UTF-8"?>
<!-- Generated by org.testng.reporters.JUnitReportReporter -->
<testsuite hostname="K501L" name="Test.TestNG" tests="1" failures="0" timestamp="13 Jun 2016 13:03:53 GMT" time="27.683" errors="0">
  <testcase name="tabTwo" time="27.683" classname="Test.TestNG"/>
</testsuite> <!-- Test.TestNG -->
